Performing C++ SOURCE FILE Test COMPILER_SUPPORT_Wshorten64to32 failed with the following output:
Change Dir: /home/mark/work/PROfit/build/CMakeFiles/CMakeTmp

Run Build Command(s):/usr/bin/make cmTC_0568a/fast && /usr/bin/make  -f CMakeFiles/cmTC_0568a.dir/build.make CMakeFiles/cmTC_0568a.dir/build
make[1]: Entering directory '/home/mark/work/PROfit/build/CMakeFiles/CMakeTmp'
Building CXX object CMakeFiles/cmTC_0568a.dir/src.cxx.o
/usr/bin/c++ -DCOMPILER_SUPPORT_Wshorten64to32  -std=c++03 -pedantic -Wall -Wextra -Wundef -Wcast-align -Wchar-subscripts -Wnon-virtual-dtor -Wunused-local-typedefs -Wpointer-arith -Wwrite-strings -Wformat-security -Werror   -Wshorten-64-to-32 -o CMakeFiles/cmTC_0568a.dir/src.cxx.o -c /home/mark/work/PROfit/build/CMakeFiles/CMakeTmp/src.cxx
c++: error: unrecognized command line option '-Wshorten-64-to-32'
make[1]: *** [CMakeFiles/cmTC_0568a.dir/build.make:85: CMakeFiles/cmTC_0568a.dir/src.cxx.o] Error 1
make[1]: Leaving directory '/home/mark/work/PROfit/build/CMakeFiles/CMakeTmp'
make: *** [Makefile:140: cmTC_0568a/fast] Error 2


Source file was:
int main() { return 0; }
Performing C++ SOURCE FILE Test COMPILER_SUPPORT_Wenumconversion failed with the following output:
Change Dir: /home/mark/work/PROfit/build/CMakeFiles/CMakeTmp

Run Build Command(s):/usr/bin/make cmTC_95ad1/fast && /usr/bin/make  -f CMakeFiles/cmTC_95ad1.dir/build.make CMakeFiles/cmTC_95ad1.dir/build
make[1]: Entering directory '/home/mark/work/PROfit/build/CMakeFiles/CMakeTmp'
Building CXX object CMakeFiles/cmTC_95ad1.dir/src.cxx.o
/usr/bin/c++ -DCOMPILER_SUPPORT_Wenumconversion  -std=c++03 -pedantic -Wall -Wextra -Wundef -Wcast-align -Wchar-subscripts -Wnon-virtual-dtor -Wunused-local-typedefs -Wpointer-arith -Wwrite-strings -Wformat-security -Wlogical-op -Werror   -Wenum-conversion -o CMakeFiles/cmTC_95ad1.dir/src.cxx.o -c /home/mark/work/PROfit/build/CMakeFiles/CMakeTmp/src.cxx
c++: error: unrecognized command line option '-Wenum-conversion'; did you mean '-Wno-conversion'?
make[1]: *** [CMakeFiles/cmTC_95ad1.dir/build.make:85: CMakeFiles/cmTC_95ad1.dir/src.cxx.o] Error 1
make[1]: Leaving directory '/home/mark/work/PROfit/build/CMakeFiles/CMakeTmp'
make: *** [Makefile:140: cmTC_95ad1/fast] Error 2


Source file was:
int main() { return 0; }
Performing C++ SOURCE FILE Test COMPILER_SUPPORT_Wcpp11extensions failed with the following output:
Change Dir: /home/mark/work/PROfit/build/CMakeFiles/CMakeTmp

Run Build Command(s):/usr/bin/make cmTC_7199b/fast && /usr/bin/make  -f CMakeFiles/cmTC_7199b.dir/build.make CMakeFiles/cmTC_7199b.dir/build
make[1]: Entering directory '/home/mark/work/PROfit/build/CMakeFiles/CMakeTmp'
Building CXX object CMakeFiles/cmTC_7199b.dir/src.cxx.o
/usr/bin/c++ -DCOMPILER_SUPPORT_Wcpp11extensions  -std=c++03 -pedantic -Wall -Wextra -Wundef -Wcast-align -Wchar-subscripts -Wnon-virtual-dtor -Wunused-local-typedefs -Wpointer-arith -Wwrite-strings -Wformat-security -Wlogical-op -Werror   -Wc++11-extensions -o CMakeFiles/cmTC_7199b.dir/src.cxx.o -c /home/mark/work/PROfit/build/CMakeFiles/CMakeTmp/src.cxx
c++: error: unrecognized command line option '-Wc++11-extensions'; did you mean '-fms-extensions'?
make[1]: *** [CMakeFiles/cmTC_7199b.dir/build.make:85: CMakeFiles/cmTC_7199b.dir/src.cxx.o] Error 1
make[1]: Leaving directory '/home/mark/work/PROfit/build/CMakeFiles/CMakeTmp'
make: *** [Makefile:140: cmTC_7199b/fast] Error 2


Source file was:
int main() { return 0; }
Performing C++ SOURCE FILE Test COMPILER_SUPPORT_wd981 failed with the following output:
Change Dir: /home/mark/work/PROfit/build/CMakeFiles/CMakeTmp

Run Build Command(s):/usr/bin/make cmTC_7aed0/fast && /usr/bin/make  -f CMakeFiles/cmTC_7aed0.dir/build.make CMakeFiles/cmTC_7aed0.dir/build
make[1]: Entering directory '/home/mark/work/PROfit/build/CMakeFiles/CMakeTmp'
Building CXX object CMakeFiles/cmTC_7aed0.dir/src.cxx.o
/usr/bin/c++ -DCOMPILER_SUPPORT_wd981  -std=c++03 -pedantic -Wall -Wextra -Wundef -Wcast-align -Wchar-subscripts -Wnon-virtual-dtor -Wunused-local-typedefs -Wpointer-arith -Wwrite-strings -Wformat-security -Wlogical-op -Wdouble-promotion -Wshadow -Wno-psabi -Wno-variadic-macros -Wno-long-long -fno-check-new -fno-common -fstrict-aliasing -Werror   -wd981 -o CMakeFiles/cmTC_7aed0.dir/src.cxx.o -c /home/mark/work/PROfit/build/CMakeFiles/CMakeTmp/src.cxx
c++: error: unrecognized command line option '-wd981'
make[1]: *** [CMakeFiles/cmTC_7aed0.dir/build.make:85: CMakeFiles/cmTC_7aed0.dir/src.cxx.o] Error 1
make[1]: Leaving directory '/home/mark/work/PROfit/build/CMakeFiles/CMakeTmp'
make: *** [Makefile:140: cmTC_7aed0/fast] Error 2


Source file was:
int main() { return 0; }
Performing C++ SOURCE FILE Test COMPILER_SUPPORT_wd2304 failed with the following output:
Change Dir: /home/mark/work/PROfit/build/CMakeFiles/CMakeTmp

Run Build Command(s):/usr/bin/make cmTC_c9bdd/fast && /usr/bin/make  -f CMakeFiles/cmTC_c9bdd.dir/build.make CMakeFiles/cmTC_c9bdd.dir/build
make[1]: Entering directory '/home/mark/work/PROfit/build/CMakeFiles/CMakeTmp'
Building CXX object CMakeFiles/cmTC_c9bdd.dir/src.cxx.o
/usr/bin/c++ -DCOMPILER_SUPPORT_wd2304  -std=c++03 -pedantic -Wall -Wextra -Wundef -Wcast-align -Wchar-subscripts -Wnon-virtual-dtor -Wunused-local-typedefs -Wpointer-arith -Wwrite-strings -Wformat-security -Wlogical-op -Wdouble-promotion -Wshadow -Wno-psabi -Wno-variadic-macros -Wno-long-long -fno-check-new -fno-common -fstrict-aliasing -Werror   -wd2304 -o CMakeFiles/cmTC_c9bdd.dir/src.cxx.o -c /home/mark/work/PROfit/build/CMakeFiles/CMakeTmp/src.cxx
c++: error: unrecognized command line option '-wd2304'
make[1]: *** [CMakeFiles/cmTC_c9bdd.dir/build.make:85: CMakeFiles/cmTC_c9bdd.dir/src.cxx.o] Error 1
make[1]: Leaving directory '/home/mark/work/PROfit/build/CMakeFiles/CMakeTmp'
make: *** [Makefile:140: cmTC_c9bdd/fast] Error 2


Source file was:
int main() { return 0; }
Performing C++ SOURCE FILE Test COMPILER_SUPPORT_STRICTANSI failed with the following output:
Change Dir: /home/mark/work/PROfit/build/CMakeFiles/CMakeTmp

Run Build Command(s):/usr/bin/make cmTC_39f17/fast && /usr/bin/make  -f CMakeFiles/cmTC_39f17.dir/build.make CMakeFiles/cmTC_39f17.dir/build
make[1]: Entering directory '/home/mark/work/PROfit/build/CMakeFiles/CMakeTmp'
Building CXX object CMakeFiles/cmTC_39f17.dir/src.cxx.o
/usr/bin/c++ -DCOMPILER_SUPPORT_STRICTANSI  -std=c++03 -pedantic -Wall -Wextra -Wundef -Wcast-align -Wchar-subscripts -Wnon-virtual-dtor -Wunused-local-typedefs -Wpointer-arith -Wwrite-strings -Wformat-security -Wlogical-op -Wdouble-promotion -Wshadow -Wno-psabi -Wno-variadic-macros -Wno-long-long -fno-check-new -fno-common -fstrict-aliasing -Werror   -strict-ansi -o CMakeFiles/cmTC_39f17.dir/src.cxx.o -c /home/mark/work/PROfit/build/CMakeFiles/CMakeTmp/src.cxx
c++: error: unrecognized command line option '-strict-ansi'; did you mean '-fstrict-enums'?
make[1]: *** [CMakeFiles/cmTC_39f17.dir/build.make:85: CMakeFiles/cmTC_39f17.dir/src.cxx.o] Error 1
make[1]: Leaving directory '/home/mark/work/PROfit/build/CMakeFiles/CMakeTmp'
make: *** [Makefile:140: cmTC_39f17/fast] Error 2


Source file was:
int main() { return 0; }
Performing C++ SOURCE FILE Test COMPILER_SUPPORT_Qunusedarguments failed with the following output:
Change Dir: /home/mark/work/PROfit/build/CMakeFiles/CMakeTmp

Run Build Command(s):/usr/bin/make cmTC_56bad/fast && /usr/bin/make  -f CMakeFiles/cmTC_56bad.dir/build.make CMakeFiles/cmTC_56bad.dir/build
make[1]: Entering directory '/home/mark/work/PROfit/build/CMakeFiles/CMakeTmp'
Building CXX object CMakeFiles/cmTC_56bad.dir/src.cxx.o
/usr/bin/c++ -DCOMPILER_SUPPORT_Qunusedarguments  -std=c++03 -pedantic -Wall -Wextra -Wundef -Wcast-align -Wchar-subscripts -Wnon-virtual-dtor -Wunused-local-typedefs -Wpointer-arith -Wwrite-strings -Wformat-security -Wlogical-op -Wdouble-promotion -Wshadow -Wno-psabi -Wno-variadic-macros -Wno-long-long -fno-check-new -fno-common -fstrict-aliasing -Werror   -Qunused-arguments -o CMakeFiles/cmTC_56bad.dir/src.cxx.o -c /home/mark/work/PROfit/build/CMakeFiles/CMakeTmp/src.cxx
c++: error: unrecognized command line option '-Qunused-arguments'
make[1]: *** [CMakeFiles/cmTC_56bad.dir/build.make:85: CMakeFiles/cmTC_56bad.dir/src.cxx.o] Error 1
make[1]: Leaving directory '/home/mark/work/PROfit/build/CMakeFiles/CMakeTmp'
make: *** [Makefile:140: cmTC_56bad/fast] Error 2


Source file was:
int main() { return 0; }
Performing C SOURCE FILE Test CMAKE_HAVE_LIBC_PTHREAD failed with the following output:
Change Dir: /home/mark/work/PROfit/build/CMakeFiles/CMakeTmp

Run Build Command(s):/usr/bin/make cmTC_215a9/fast && /usr/bin/make  -f CMakeFiles/cmTC_215a9.dir/build.make CMakeFiles/cmTC_215a9.dir/build
make[1]: Entering directory '/home/mark/work/PROfit/build/CMakeFiles/CMakeTmp'
Building C object CMakeFiles/cmTC_215a9.dir/src.c.o
/usr/bin/cc -DCMAKE_HAVE_LIBC_PTHREAD   -o CMakeFiles/cmTC_215a9.dir/src.c.o -c /home/mark/work/PROfit/build/CMakeFiles/CMakeTmp/src.c
Linking C executable cmTC_215a9
/usr/local/bin/cmake -E cmake_link_script CMakeFiles/cmTC_215a9.dir/link.txt --verbose=1
/usr/bin/cc CMakeFiles/cmTC_215a9.dir/src.c.o -o cmTC_215a9 
/usr/bin/ld: CMakeFiles/cmTC_215a9.dir/src.c.o: in function `main':
src.c:(.text+0x46): undefined reference to `pthread_create'
/usr/bin/ld: src.c:(.text+0x52): undefined reference to `pthread_detach'
/usr/bin/ld: src.c:(.text+0x5e): undefined reference to `pthread_cancel'
/usr/bin/ld: src.c:(.text+0x6f): undefined reference to `pthread_join'
collect2: error: ld returned 1 exit status
make[1]: *** [CMakeFiles/cmTC_215a9.dir/build.make:106: cmTC_215a9] Error 1
make[1]: Leaving directory '/home/mark/work/PROfit/build/CMakeFiles/CMakeTmp'
make: *** [Makefile:140: cmTC_215a9/fast] Error 2


Source file was:
#include <pthread.h>

static void* test_func(void* data)
{
  return data;
}

int main(void)
{
  pthread_t thread;
  pthread_create(&thread, NULL, test_func, NULL);
  pthread_detach(thread);
  pthread_cancel(thread);
  pthread_join(thread, NULL);
  pthread_atfork(NULL, NULL, NULL);
  pthread_exit(NULL);

  return 0;
}

Determining if the function pthread_create exists in the pthreads failed with the following output:
Change Dir: /home/mark/work/PROfit/build/CMakeFiles/CMakeTmp

Run Build Command(s):/usr/bin/make cmTC_3c0aa/fast && /usr/bin/make  -f CMakeFiles/cmTC_3c0aa.dir/build.make CMakeFiles/cmTC_3c0aa.dir/build
make[1]: Entering directory '/home/mark/work/PROfit/build/CMakeFiles/CMakeTmp'
Building C object CMakeFiles/cmTC_3c0aa.dir/CheckFunctionExists.c.o
/usr/bin/cc   -DCHECK_FUNCTION_EXISTS=pthread_create -o CMakeFiles/cmTC_3c0aa.dir/CheckFunctionExists.c.o -c /usr/local/share/cmake-3.19/Modules/CheckFunctionExists.c
Linking C executable cmTC_3c0aa
/usr/local/bin/cmake -E cmake_link_script CMakeFiles/cmTC_3c0aa.dir/link.txt --verbose=1
/usr/bin/cc  -DCHECK_FUNCTION_EXISTS=pthread_create CMakeFiles/cmTC_3c0aa.dir/CheckFunctionExists.c.o -o cmTC_3c0aa  -lpthreads 
/usr/bin/ld: cannot find -lpthreads
collect2: error: ld returned 1 exit status
make[1]: *** [CMakeFiles/cmTC_3c0aa.dir/build.make:106: cmTC_3c0aa] Error 1
make[1]: Leaving directory '/home/mark/work/PROfit/build/CMakeFiles/CMakeTmp'
make: *** [Makefile:140: cmTC_3c0aa/fast] Error 2



Performing C SOURCE FILE Test SCOTCH_Num_4 failed with the following compile output:
Change Dir: /home/mark/work/PROfit/build/CMakeFiles/CMakeTmp

Run Build Command(s):/usr/bin/make cmTC_e55cc/fast && /usr/bin/make  -f CMakeFiles/cmTC_e55cc.dir/build.make CMakeFiles/cmTC_e55cc.dir/build
make[1]: Entering directory '/home/mark/work/PROfit/build/CMakeFiles/CMakeTmp'
Building C object CMakeFiles/cmTC_e55cc.dir/src.c.o
/usr/bin/cc -DSCOTCH_Num_4  -fopenmp -o CMakeFiles/cmTC_e55cc.dir/src.c.o -c /home/mark/work/PROfit/build/CMakeFiles/CMakeTmp/src.c
/home/mark/work/PROfit/build/CMakeFiles/CMakeTmp/src.c:4:10: fatal error: scotch.h: No such file or directory
    4 | #include <scotch.h>
      |          ^~~~~~~~~~
compilation terminated.
make[1]: *** [CMakeFiles/cmTC_e55cc.dir/build.make:85: CMakeFiles/cmTC_e55cc.dir/src.c.o] Error 1
make[1]: Leaving directory '/home/mark/work/PROfit/build/CMakeFiles/CMakeTmp'
make: *** [Makefile:140: cmTC_e55cc/fast] Error 2


...and run output:

Return value: 1
Source file was:

#include <stdio.h>
#include <stdint.h>
#include <scotch.h>
int main(int argc, char **argv) {
  if (sizeof(SCOTCH_Num) == 4)
    return 0;
  else
    return 1;
}

Performing C SOURCE FILE Test SCOTCH_Num_8 failed with the following compile output:
Change Dir: /home/mark/work/PROfit/build/CMakeFiles/CMakeTmp

Run Build Command(s):/usr/bin/make cmTC_49f03/fast && /usr/bin/make  -f CMakeFiles/cmTC_49f03.dir/build.make CMakeFiles/cmTC_49f03.dir/build
make[1]: Entering directory '/home/mark/work/PROfit/build/CMakeFiles/CMakeTmp'
Building C object CMakeFiles/cmTC_49f03.dir/src.c.o
/usr/bin/cc -DSCOTCH_Num_8  -fopenmp -o CMakeFiles/cmTC_49f03.dir/src.c.o -c /home/mark/work/PROfit/build/CMakeFiles/CMakeTmp/src.c
/home/mark/work/PROfit/build/CMakeFiles/CMakeTmp/src.c:4:10: fatal error: scotch.h: No such file or directory
    4 | #include <scotch.h>
      |          ^~~~~~~~~~
compilation terminated.
make[1]: *** [CMakeFiles/cmTC_49f03.dir/build.make:85: CMakeFiles/cmTC_49f03.dir/src.c.o] Error 1
make[1]: Leaving directory '/home/mark/work/PROfit/build/CMakeFiles/CMakeTmp'
make: *** [Makefile:140: cmTC_49f03/fast] Error 2


...and run output:

Return value: 1
Source file was:

#include <stdio.h>
#include <stdint.h>
#include <scotch.h>
int main(int argc, char **argv) {
  if (sizeof(SCOTCH_Num) == 8)
    return 0;
  else
    return 1;
}

